                                 Started job on |	Feb 22 04:46:42
                             Started mapping on |	Feb 22 04:46:46
                                    Finished on |	Feb 22 04:46:47
       Mapping speed, Million of reads per hour |	42.40

                          Number of input reads |	11778
                      Average input read length |	90
                                    UNIQUE READS:
                   Uniquely mapped reads number |	10048
                        Uniquely mapped reads % |	85.31%
                          Average mapped length |	88.69
                       Number of splices: Total |	2089
            Number of splices: Annotated (sjdb) |	2030
                       Number of splices: GT/AG |	2055
                       Number of splices: GC/AG |	11
                       Number of splices: AT/AC |	0
               Number of splices: Non-canonical |	23
                      Mismatch rate per base, % |	0.33%
                         Deletion rate per base |	0.01%
                        Deletion average length |	1.69
                        Insertion rate per base |	0.01%
                       Insertion average length |	1.63
                             MULTI-MAPPING READS:
        Number of reads mapped to multiple loci |	1181
             % of reads mapped to multiple loci |	10.03%
        Number of reads mapped to too many loci |	47
             % of reads mapped to too many loci |	0.40%
                                  UNMAPPED READS:
  Number of reads unmapped: too many mismatches |	0
       % of reads unmapped: too many mismatches |	0.00%
            Number of reads unmapped: too short |	483
                 % of reads unmapped: too short |	4.10%
                Number of reads unmapped: other |	19
                     % of reads unmapped: other |	0.16%
                                  CHIMERIC READS:
                       Number of chimeric reads |	0
                            % of chimeric reads |	0.00%
