                                 Started job on |	Feb 22 13:01:46
                             Started mapping on |	Feb 22 13:01:50
                                    Finished on |	Feb 22 13:01:53
       Mapping speed, Million of reads per hour |	14.16

                          Number of input reads |	11803
                      Average input read length |	28
                                    UNIQUE READS:
                   Uniquely mapped reads number |	2703
                        Uniquely mapped reads % |	22.90%
                          Average mapped length |	24.35
                       Number of splices: Total |	1247
            Number of splices: Annotated (sjdb) |	23
                       Number of splices: GT/AG |	1232
                       Number of splices: GC/AG |	12
                       Number of splices: AT/AC |	0
               Number of splices: Non-canonical |	3
                      Mismatch rate per base, % |	6.63%
                         Deletion rate per base |	0.00%
                        Deletion average length |	0.00
                        Insertion rate per base |	0.00%
                       Insertion average length |	0.00
                             MULTI-MAPPING READS:
        Number of reads mapped to multiple loci |	2580
             % of reads mapped to multiple loci |	21.86%
        Number of reads mapped to too many loci |	22
             % of reads mapped to too many loci |	0.19%
                                  UNMAPPED READS:
  Number of reads unmapped: too many mismatches |	0
       % of reads unmapped: too many mismatches |	0.00%
            Number of reads unmapped: too short |	6498
                 % of reads unmapped: too short |	55.05%
                Number of reads unmapped: other |	0
                     % of reads unmapped: other |	0.00%
                                  CHIMERIC READS:
                       Number of chimeric reads |	0
                            % of chimeric reads |	0.00%
